SF:lib/app/modules/image_of_the_day/domain/entities/image_of_the_day_parameters.dart
DA:4,4
LF:1
LH:1
end_of_record
SF:lib/app/modules/image_of_the_day/external/datasources/image_of_the_day_datasource_implementation.dart
DA:17,1
DA:19,1
DA:21,2
DA:22,1
DA:23,2
DA:24,1
DA:27,2
DA:28,2
DA:29,2
DA:30,3
DA:32,1
LF:11
LH:11
end_of_record
SF:lib/app/modules/image_of_the_day/infrastructure/errors/date_not_allowed_datasource_error.dart
DA:6,2
LF:1
LH:1
end_of_record
SF:lib/app/modules/image_of_the_day/infrastructure/errors/image_of_the_day_datasource_error.dart
DA:6,2
LF:1
LH:1
end_of_record
SF:lib/app/modules/image_of_the_day/infrastructure/models/image_of_the_day_model.dart
DA:11,1
DA:18,1
DA:27,1
DA:28,1
DA:29,1
DA:30,1
DA:31,1
DA:32,1
DA:33,1
DA:34,1
LF:10
LH:10
end_of_record
SF:lib/app/modules/image_of_the_day/domain/entities/image_of_the_day.dart
DA:9,2
LF:1
LH:1
end_of_record
SF:lib/secrets.dart
DA:2,1
LF:1
LH:1
end_of_record
SF:lib/app/modules/image_of_the_day/infrastructure/models/image_of_the_day_parameters_mapper.dart
DA:4,1
DA:5,1
DA:7,1
LF:3
LH:3
end_of_record
SF:lib/app/modules/image_of_the_day/infrastructure/errors/image_of_the_day_datasource_errors.dart
LF:0
LH:0
end_of_record
SF:lib/app/core/failures/generic_failure.dart
DA:6,2
LF:1
LH:1
end_of_record
SF:lib/app/modules/image_of_the_day/domain/failures/date_not_allowed_failure.dart
DA:6,3
LF:1
LH:1
end_of_record
SF:lib/app/modules/image_of_the_day/domain/failures/image_of_the_day_failure.dart
DA:6,3
LF:1
LH:1
end_of_record
SF:lib/app/modules/image_of_the_day/infrastructure/repositories/image_of_the_day_repository_implementation.dart
DA:17,1
DA:19,1
DA:22,3
DA:23,1
DA:24,3
DA:25,1
DA:26,3
DA:27,1
DA:28,2
LF:9
LH:9
end_of_record
SF:lib/app/core/failures/failure.dart
LF:0
LH:0
end_of_record
SF:lib/app/modules/image_of_the_day/domain/failures/image_of_the_day_failures.dart
LF:0
LH:0
end_of_record
SF:lib/app/modules/image_of_the_day/domain/usecase/get_image_of_the_day.dart
DA:15,1
DA:17,1
DA:19,2
LF:3
LH:3
end_of_record
SF:lib/app/modules/image_of_the_day/presentation/blocs/get_image_of_the_day_bloc/events/get_image_of_the_day_event.dart
DA:6,1
LF:1
LH:1
end_of_record
SF:lib/app/modules/image_of_the_day/presentation/blocs/get_image_of_the_day_bloc/events/select_date_event.dart
DA:6,1
LF:1
LH:1
end_of_record
SF:lib/app/modules/image_of_the_day/presentation/blocs/get_image_of_the_day_bloc/image_of_the_day_bloc.dart
DA:26,2
DA:27,2
DA:28,2
DA:29,2
DA:43,1
DA:44,1
DA:46,1
DA:47,1
DA:49,4
DA:51,1
DA:52,1
DA:53,1
DA:54,1
DA:55,2
DA:57,1
DA:58,2
DA:62,1
DA:63,1
DA:64,2
DA:69,1
DA:70,2
DA:72,2
DA:74,2
DA:77,1
DA:78,2
DA:80,3
LF:26
LH:26
end_of_record
SF:lib/app/modules/image_of_the_day/presentation/blocs/get_image_of_the_day_bloc/states/failure_states/date_not_allowed_failure_state.dart
DA:7,1
LF:1
LH:1
end_of_record
SF:lib/app/modules/image_of_the_day/presentation/blocs/get_image_of_the_day_bloc/states/failure_states/image_of_the_day_failure_state.dart
DA:7,1
LF:1
LH:1
end_of_record
SF:lib/app/modules/image_of_the_day/presentation/blocs/get_image_of_the_day_bloc/states/get_image_of_the_day_loading_state.dart
DA:4,1
LF:1
LH:1
end_of_record
SF:lib/app/modules/image_of_the_day/presentation/blocs/get_image_of_the_day_bloc/states/get_image_of_the_day_success_state.dart
DA:7,1
LF:1
LH:1
end_of_record
SF:lib/app/modules/image_of_the_day/presentation/blocs/get_image_of_the_day_bloc/events/image_of_the_day_events.dart
LF:0
LH:0
end_of_record
SF:lib/app/modules/image_of_the_day/presentation/blocs/get_image_of_the_day_bloc/states/failure_states/image_of_the_day_failure_states.dart
LF:0
LH:0
end_of_record
